<?xml version="1.0" encoding="UTF-8"?>
<!-- Generated by org.testng.reporters.JUnitReportReporter -->
<testsuite hostname="INHiKumar01" failures="0" tests="1" name="HTTPCLient.HTTPCLient.NewTest" time="1.369" errors="0" timestamp="2021-09-21T09:24:52 IST" skipped="0">
  <testcase classname="HTTPCLient.HTTPCLient.NewTest" name="getPublicDownloadLink" time="1.369"/>
  <system-out/>
</testsuite> <!-- HTTPCLient.HTTPCLient.NewTest -->
